# JRE version: OpenJDK Runtime Environment (11.0.10) (build 11.0.10+0-b96-7249189)
# Java VM: OpenJDK 64-Bit Server VM (11.0.10+0-b96-7249189, mixed mode, tiered, compressed oops, g1 gc, windows-amd64)
Heap:
 garbage-first heap   total 1072128K, used 292864K [0x0000000080000000, 0x0000000100000000)
  region size 1024K, 6 young (6144K), 6 survivors (6144K)
 Metaspace       used 85020K, capacity 87113K, committed 87328K, reserved 1124352K
  class space    used 11056K, capacity 11840K, committed 11904K, reserved 1048576K
GC Heap History (20 events):
Event: 40.162 GC heap after
{Heap after GC invocations=38 (full 0):
 garbage-first heap   total 174080K, used 152832K [0x0000000080000000, 0x0000000100000000)
  region size 1024K, 1 young (1024K), 1 survivors (1024K)
 Metaspace       used 82591K, capacity 84643K, committed 84896K, reserved 1122304K
  class space    used 10661K, capacity 11396K, committed 11520K, reserved 1048576K
}
Event: 40.355 GC heap before
{Heap before GC invocations=39 (full 0):
 garbage-first heap   total 174080K, used 160000K [0x0000000080000000, 0x0000000100000000)
  region size 1024K, 8 young (8192K), 1 survivors (1024K)
 Metaspace       used 82658K, capacity 84708K, committed 84896K, reserved 1122304K
  class space    used 10664K, capacity 11396K, committed 11520K, reserved 1048576K
}
Event: 40.366 GC heap after
{Heap after GC invocations=40 (full 0):
 garbage-first heap   total 174080K, used 155777K [0x0000000080000000, 0x0000000100000000)
  region size 1024K, 1 young (1024K), 1 survivors (1024K)
 Metaspace       used 82658K, capacity 84708K, committed 84896K, reserved 1122304K
  class space    used 10664K, capacity 11396K, committed 11520K, reserved 1048576K
}
Event: 40.405 GC heap before
{Heap before GC invocations=40 (full 0):
 garbage-first heap   total 174080K, used 162945K [0x0000000080000000, 0x0000000100000000)
  region size 1024K, 8 young (8192K), 1 survivors (1024K)
 Metaspace       used 82689K, capacity 84708K, committed 84896K, reserved 1122304K
  class space    used 10666K, capacity 11396K, committed 11520K, reserved 1048576K
}
Event: 40.457 GC heap after
{Heap after GC invocations=41 (full 0):
 garbage-first heap   total 208896K, used 158708K [0x0000000080000000, 0x0000000100000000)
  region size 1024K, 1 young (1024K), 1 survivors (1024K)
 Metaspace       used 82689K, capacity 84708K, committed 84896K, reserved 1122304K
  class space    used 10666K, capacity 11396K, committed 11520K, reserved 1048576K
}
Event: 40.774 GC heap before
{Heap before GC invocations=41 (full 0):
 garbage-first heap   total 208896K, used 169972K [0x0000000080000000, 0x0000000100000000)
  region size 1024K, 12 young (12288K), 1 survivors (1024K)
 Metaspace       used 82837K, capacity 84894K, committed 85152K, reserved 1122304K
  class space    used 10682K, capacity 11443K, committed 11520K, reserved 1048576K
}
Event: 40.789 GC heap after
{Heap after GC invocations=42 (full 0):
 garbage-first heap   total 208896K, used 164497K [0x0000000080000000, 0x0000000100000000)
  region size 1024K, 2 young (2048K), 2 survivors (2048K)
 Metaspace       used 82837K, capacity 84894K, committed 85152K, reserved 1122304K
  class space    used 10682K, capacity 11443K, committed 11520K, reserved 1048576K
}
Event: 40.907 GC heap before
{Heap before GC invocations=42 (full 0):
 garbage-first heap   total 208896K, used 174737K [0x0000000080000000, 0x0000000100000000)
  region size 1024K, 11 young (11264K), 2 survivors (2048K)
 Metaspace       used 83034K, capacity 85145K, committed 85408K, reserved 1124352K
  class space    used 10707K, capacity 11487K, committed 11520K, reserved 1048576K
}
Event: 40.927 GC heap after
{Heap after GC invocations=43 (full 0):
 garbage-first heap   total 208896K, used 169386K [0x0000000080000000, 0x0000000100000000)
  region size 1024K, 2 young (2048K), 2 survivors (2048K)
 Metaspace       used 83034K, capacity 85145K, committed 85408K, reserved 1124352K
  class space    used 10707K, capacity 11487K, committed 11520K, reserved 1048576K
}
Event: 41.041 GC heap before
{Heap before GC invocations=43 (full 0):
 garbage-first heap   total 208896K, used 177578K [0x0000000080000000, 0x0000000100000000)
  region size 1024K, 10 young (10240K), 2 survivors (2048K)
 Metaspace       used 83039K, capacity 85145K, committed 85408K, reserved 1124352K
  class space    used 10708K, capacity 11487K, committed 11520K, reserved 1048576K
}
Event: 41.058 GC heap after
{Heap after GC invocations=44 (full 0):
 garbage-first heap   total 208896K, used 172522K [0x0000000080000000, 0x0000000100000000)
  region size 1024K, 2 young (2048K), 2 survivors (2048K)
 Metaspace       used 83039K, capacity 85145K, committed 85408K, reserved 1124352K
  class space    used 10708K, capacity 11487K, committed 11520K, reserved 1048576K
}
Event: 41.097 GC heap before
{Heap before GC invocations=45 (full 0):
 garbage-first heap   total 208896K, used 180714K [0x0000000080000000, 0x0000000100000000)
  region size 1024K, 10 young (10240K), 2 survivors (2048K)
 Metaspace       used 83039K, capacity 85145K, committed 85408K, reserved 1124352K
  class space    used 10708K, capacity 11487K, committed 11520K, reserved 1048576K
}
Event: 41.193 GC heap after
{Heap after GC invocations=46 (full 0):
 garbage-first heap   total 417792K, used 175674K [0x0000000080000000, 0x0000000100000000)
  region size 1024K, 2 young (2048K), 2 survivors (2048K)
 Metaspace       used 83039K, capacity 85145K, committed 85408K, reserved 1124352K
  class space    used 10708K, capacity 11487K, committed 11520K, reserved 1048576K
}
Event: 42.654 GC heap before
{Heap before GC invocations=46 (full 0):
 garbage-first heap   total 417792K, used 245306K [0x0000000080000000, 0x0000000100000000)
  region size 1024K, 66 young (67584K), 2 survivors (2048K)
 Metaspace       used 84941K, capacity 87032K, committed 87328K, reserved 1124352K
  class space    used 11052K, capacity 11835K, committed 11904K, reserved 1048576K
}
Event: 42.723 GC heap after
{Heap after GC invocations=47 (full 0):
 garbage-first heap   total 417792K, used 210643K [0x0000000080000000, 0x0000000100000000)
  region size 1024K, 9 young (9216K), 9 survivors (9216K)
 Metaspace       used 84941K, capacity 87032K, committed 87328K, reserved 1124352K
  class space    used 11052K, capacity 11835K, committed 11904K, reserved 1048576K
}
Event: 43.320 GC heap before
{Heap before GC invocations=47 (full 0):
 garbage-first heap   total 417792K, used 269011K [0x0000000080000000, 0x0000000100000000)
  region size 1024K, 66 young (67584K), 9 survivors (9216K)
 Metaspace       used 85009K, capacity 87113K, committed 87328K, reserved 1124352K
  class space    used 11055K, capacity 11840K, committed 11904K, reserved 1048576K
}
Event: 43.418 GC heap after
{Heap after GC invocations=48 (full 0):
 garbage-first heap   total 417792K, used 242688K [0x0000000080000000, 0x0000000100000000)
  region size 1024K, 9 young (9216K), 9 survivors (9216K)
 Metaspace       used 85009K, capacity 87113K, committed 87328K, reserved 1124352K
  class space    used 11055K, capacity 11840K, committed 11904K, reserved 1048576K
}
Event: 44.636 GC heap before
{Heap before GC invocations=49 (full 0):
 garbage-first heap   total 417792K, used 288768K [0x0000000080000000, 0x0000000100000000)
  region size 1024K, 57 young (58368K), 9 survivors (9216K)
 Metaspace       used 85016K, capacity 87113K, committed 87328K, reserved 1124352K
  class space    used 11056K, capacity 11840K, committed 11904K, reserved 1048576K
}
Event: 44.702 GC heap after
{Heap after GC invocations=50 (full 0):
 garbage-first heap   total 417792K, used 269312K [0x0000000080000000, 0x0000000100000000)
  region size 1024K, 8 young (8192K), 8 survivors (8192K)
 Metaspace       used 85016K, capacity 87113K, committed 87328K, reserved 1124352K
  class space    used 11056K, capacity 11840K, committed 11904K, reserved 1048576K
}
Event: 45.103 GC heap before
{Heap before GC invocations=50 (full 0):
 garbage-first heap   total 417792K, used 309248K [0x0000000080000000, 0x0000000100000000)
  region size 1024K, 48 young (49152K), 8 survivors (8192K)
 Metaspace       used 85020K, capacity 87113K, committed 87328K, reserved 1124352K
  class space    used 11056K, capacity 11840K, committed 11904K, reserved 1048576K
}

